<?xml version="1.0" encoding="UTF-8"?>
<testsuite xmlns:xsi="http://www.w3.org/2001/XMLSchema-instance" xsi:noNamespaceSchemaLocation="https://maven.apache.org/surefire/maven-surefire-plugin/xsd/surefire-test-report.xsd" name="com.baeldung.mapper.DeliveryAddressMapperUnitTest" time="0.001" tests="2" errors="0" skipped="0" failures="0">
  <properties>
[...]
</properties>
  <testcase name="testGivenCustomerAndAddress_mapsToDeliveryAddress" classname="com.baeldung.mapper.DeliveryAddressMapperUnitTest" time="0"/>
  <testcase name="testGivenDeliveryAddressAndSomeOtherAddress_updatesDeliveryAddress" classname="com.baeldung.mapper.DeliveryAddressMapperUnitTest" time="0"/>
</testsuite>